<?xml version="1.0" encoding="UTF-8"?>
<!-- Generated by org.testng.reporters.JUnitReportReporter -->
<testsuite skipped="0" hostname="EPINPUNW0032" name="testPackage.TestNG_implementation" tests="1" failures="0" timestamp="29 Jan 2018 11:07:11 GMT" time="0.006" errors="0">
  <testcase name="print" time="0.006" classname="testPackage.TestNG_implementation"/>
</testsuite> <!-- testPackage.TestNG_implementation -->
